<?xml version="1.0" encoding="UTF-8"?>
<testsuite name="TripPurchaseTest" tests="1" skipped="0" failures="0" errors="0" timestamp="2021-09-10T16:36:29" hostname="DESKTOP-H6MRP86" time="6.587">
  <properties/>
  <testcase name="shouldNotSubmitRequestToBuyInCreditErrors()" classname="TripPurchaseTest" time="6.587"/>
  <system-out><![CDATA[]]></system-out>
  <system-err><![CDATA[Starting ChromeDriver 93.0.4577.63 (ff5c0da2ec0adeaed5550e6c7e98417dac77d98a-refs/branch-heads/4577@{#1135}) on port 35302
Only local connections are allowed.
Please see https://chromedriver.chromium.org/security-considerations for suggestions on keeping ChromeDriver safe.
ChromeDriver was started successfully.
сент. 10, 2021 7:36:33 PM org.openqa.selenium.remote.ProtocolHandshake createSession
INFO: Detected dialect: W3C
]]></system-err>
</testsuite>
