<?xml version="1.0" encoding="UTF-8"?>
<testsuite name="ru.netology.travel.TripPurchaseTest" tests="1" skipped="0" failures="0" errors="0" timestamp="2021-09-28T10:44:14" hostname="DESKTOP-H6MRP86" time="17.215">
  <properties/>
  <testcase name="declinedDebitBuy()" classname="ru.netology.travel.TripPurchaseTest" time="17.215"/>
  <system-out><![CDATA[]]></system-out>
  <system-err><![CDATA[Starting ChromeDriver 93.0.4577.63 (ff5c0da2ec0adeaed5550e6c7e98417dac77d98a-refs/branch-heads/4577@{#1135}) on port 17469
Only local connections are allowed.
Please see https://chromedriver.chromium.org/security-considerations for suggestions on keeping ChromeDriver safe.
ChromeDriver was started successfully.
сент. 28, 2021 1:44:17 PM org.openqa.selenium.remote.ProtocolHandshake createSession
INFO: Detected dialect: W3C
]]></system-err>
</testsuite>
